<?xml version="1.0" encoding="UTF-8"?>
<testng-results ignored="0" total="1" passed="1" failed="0" skipped="0">
  <reporter-output>
  </reporter-output>
  <suite started-at="2025-02-20T11:34:25 IST" name="Default suite" finished-at="2025-02-20T11:34:39 IST" duration-ms="13584">
    <groups>
    </groups>
    <test started-at="2025-02-20T11:34:25 IST" name="Default test" finished-at="2025-02-20T11:34:39 IST" duration-ms="13584">
      <class name="prashanth.GitHubDemo">
        <test-method is-config="true" signature="beforeTest()[pri:0, instance:prashanth.GitHubDemo@6221a451]" started-at="2025-02-20T11:34:25 IST" name="beforeTest" finished-at="2025-02-20T11:34:35 IST" duration-ms="10403" status="PASS">
          <reporter-output>
          </reporter-output>
        </test-method> <!-- beforeTest -->
        <test-method signature="techlearnlogin()[pri:0, instance:prashanth.GitHubDemo@6221a451]" started-at="2025-02-20T11:34:36 IST" name="techlearnlogin" finished-at="2025-02-20T11:34:39 IST" duration-ms="3069" status="PASS">
          <reporter-output>
          </reporter-output>
        </test-method> <!-- techlearnlogin -->
      </class> <!-- prashanth.GitHubDemo -->
    </test> <!-- Default test -->
  </suite> <!-- Default suite -->
</testng-results>
